# JRE version: OpenJDK Runtime Environment (8.0_202-b03) (build 1.8.0_202-release-1483-b03)
# Java VM: OpenJDK 64-Bit Server VM (25.202-b03 mixed mode windows-amd64 compressed oops)
Heap:
 PSYoungGen      total 38912K, used 21306K [0x00000000e0000000, 0x00000000e3b00000, 0x0000000100000000)
  eden space 29184K, 44% used [0x00000000e0000000,0x00000000e0cc8040,0x00000000e1c80000)
  from space 9728K, 84% used [0x00000000e1c80000,0x00000000e2486840,0x00000000e2600000)
  to   space 10240K, 0% used [0x00000000e3100000,0x00000000e3100000,0x00000000e3b00000)
 ParOldGen       total 61440K, used 18742K [0x00000000a0000000, 0x00000000a3c00000, 0x00000000e0000000)
  object space 61440K, 30% used [0x00000000a0000000,0x00000000a124d930,0x00000000a3c00000)
 Metaspace       used 42771K, capacity 43956K, committed 44288K, reserved 1087488K
  class space    used 5809K, capacity 6144K, committed 6144K, reserved 1048576K
GC Heap History (10 events):
Event: 28.985 GC heap before
{Heap before GC invocations=13 (full 1):
 PSYoungGen      total 33792K, used 18767K [0x00000000e0000000, 0x00000000e3a00000, 0x0000000100000000)
  eden space 30720K, 51% used [0x00000000e0000000,0x00000000e0f5f6b0,0x00000000e1e00000)
  from space 3072K, 98% used [0x00000000e2c00000,0x00000000e2ef46f0,0x00000000e2f00000)
  to   space 10240K, 0% used [0x00000000e3000000,0x00000000e3000000,0x00000000e3a00000)
 ParOldGen       total 52224K, used 14180K [0x00000000a0000000, 0x00000000a3300000, 0x00000000e0000000)
  object space 52224K, 27% used [0x00000000a0000000,0x00000000a0dd9178,0x00000000a3300000)
 Metaspace       used 34509K, capacity 35418K, committed 35496K, reserved 1079296K
  class space    used 4827K, capacity 5082K, committed 5120K, reserved 1048576K
Event: 28.989 GC heap after
Heap after GC invocations=13 (full 1):
 PSYoungGen      total 32768K, used 2463K [0x00000000e0000000, 0x00000000e3280000, 0x0000000100000000)
  eden space 30208K, 0% used [0x00000000e0000000,0x00000000e0000000,0x00000000e1d80000)
  from space 2560K, 96% used [0x00000000e3000000,0x00000000e3267db8,0x00000000e3280000)
  to   space 10240K, 0% used [0x00000000e1e80000,0x00000000e1e80000,0x00000000e2880000)
 ParOldGen       total 52224K, used 16076K [0x00000000a0000000, 0x00000000a3300000, 0x00000000e0000000)
  object space 52224K, 30% used [0x00000000a0000000,0x00000000a0fb31b8,0x00000000a3300000)
 Metaspace       used 34509K, capacity 35418K, committed 35496K, reserved 1079296K
  class space    used 4827K, capacity 5082K, committed 5120K, reserved 1048576K
}
Event: 28.989 GC heap before
{Heap before GC invocations=14 (full 2):
 PSYoungGen      total 32768K, used 2463K [0x00000000e0000000, 0x00000000e3280000, 0x0000000100000000)
  eden space 30208K, 0% used [0x00000000e0000000,0x00000000e0000000,0x00000000e1d80000)
  from space 2560K, 96% used [0x00000000e3000000,0x00000000e3267db8,0x00000000e3280000)
  to   space 10240K, 0% used [0x00000000e1e80000,0x00000000e1e80000,0x00000000e2880000)
 ParOldGen       total 52224K, used 16076K [0x00000000a0000000, 0x00000000a3300000, 0x00000000e0000000)
  object space 52224K, 30% used [0x00000000a0000000,0x00000000a0fb31b8,0x00000000a3300000)
 Metaspace       used 34509K, capacity 35418K, committed 35496K, reserved 1079296K
  class space    used 4827K, capacity 5082K, committed 5120K, reserved 1048576K
Event: 29.110 GC heap after
Heap after GC invocations=14 (full 2):
 PSYoungGen      total 32768K, used 0K [0x00000000e0000000, 0x00000000e3280000, 0x0000000100000000)
  eden space 30208K, 0% used [0x00000000e0000000,0x00000000e0000000,0x00000000e1d80000)
  from space 2560K, 0% used [0x00000000e3000000,0x00000000e3000000,0x00000000e3280000)
  to   space 10240K, 0% used [0x00000000e1e80000,0x00000000e1e80000,0x00000000e2880000)
 ParOldGen       total 61440K, used 17745K [0x00000000a0000000, 0x00000000a3c00000, 0x00000000e0000000)
  object space 61440K, 28% used [0x00000000a0000000,0x00000000a1154508,0x00000000a3c00000)
 Metaspace       used 34509K, capacity 35418K, committed 35496K, reserved 1079296K
  class space    used 4827K, capacity 5082K, committed 5120K, reserved 1048576K
}
Event: 30.509 GC heap before
{Heap before GC invocations=15 (full 2):
 PSYoungGen      total 32768K, used 30208K [0x00000000e0000000, 0x00000000e3280000, 0x0000000100000000)
  eden space 30208K, 100% used [0x00000000e0000000,0x00000000e1d80000,0x00000000e1d80000)
  from space 2560K, 0% used [0x00000000e3000000,0x00000000e3000000,0x00000000e3280000)
  to   space 10240K, 0% used [0x00000000e1e80000,0x00000000e1e80000,0x00000000e2880000)
 ParOldGen       total 61440K, used 17745K [0x00000000a0000000, 0x00000000a3c00000, 0x00000000e0000000)
  object space 61440K, 28% used [0x00000000a0000000,0x00000000a1154508,0x00000000a3c00000)
 Metaspace       used 38462K, capacity 39432K, committed 39680K, reserved 1083392K
  class space    used 5296K, capacity 5585K, committed 5632K, reserved 1048576K
Event: 30.512 GC heap after
Heap after GC invocations=15 (full 2):
 PSYoungGen      total 34304K, used 4413K [0x00000000e0000000, 0x00000000e3080000, 0x0000000100000000)
  eden space 29696K, 0% used [0x00000000e0000000,0x00000000e0000000,0x00000000e1d00000)
  from space 4608K, 95% used [0x00000000e1e80000,0x00000000e22cf6c0,0x00000000e2300000)
  to   space 9728K, 0% used [0x00000000e2700000,0x00000000e2700000,0x00000000e3080000)
 ParOldGen       total 61440K, used 17745K [0x00000000a0000000, 0x00000000a3c00000, 0x00000000e0000000)
  object space 61440K, 28% used [0x00000000a0000000,0x00000000a1154508,0x00000000a3c00000)
 Metaspace       used 38462K, capacity 39432K, committed 39680K, reserved 1083392K
  class space    used 5296K, capacity 5585K, committed 5632K, reserved 1048576K
}
Event: 31.113 GC heap before
{Heap before GC invocations=16 (full 2):
 PSYoungGen      total 34304K, used 34109K [0x00000000e0000000, 0x00000000e3080000, 0x0000000100000000)
  eden space 29696K, 100% used [0x00000000e0000000,0x00000000e1d00000,0x00000000e1d00000)
  from space 4608K, 95% used [0x00000000e1e80000,0x00000000e22cf6c0,0x00000000e2300000)
  to   space 9728K, 0% used [0x00000000e2700000,0x00000000e2700000,0x00000000e3080000)
 ParOldGen       total 61440K, used 17745K [0x00000000a0000000, 0x00000000a3c00000, 0x00000000e0000000)
  object space 61440K, 28% used [0x00000000a0000000,0x00000000a1154508,0x00000000a3c00000)
 Metaspace       used 40832K, capacity 41920K, committed 42240K, reserved 1085440K
  class space    used 5566K, capacity 5877K, committed 5888K, reserved 1048576K
Event: 31.117 GC heap after
Heap after GC invocations=16 (full 2):
 PSYoungGen      total 37888K, used 5452K [0x00000000e0000000, 0x00000000e2f80000, 0x0000000100000000)
  eden space 29184K, 0% used [0x00000000e0000000,0x00000000e0000000,0x00000000e1c80000)
  from space 8704K, 62% used [0x00000000e2700000,0x00000000e2c53078,0x00000000e2f80000)
  to   space 9728K, 0% used [0x00000000e1c80000,0x00000000e1c80000,0x00000000e2600000)
 ParOldGen       total 61440K, used 17753K [0x00000000a0000000, 0x00000000a3c00000, 0x00000000e0000000)
  object space 61440K, 28% used [0x00000000a0000000,0x00000000a1156508,0x00000000a3c00000)
 Metaspace       used 40832K, capacity 41920K, committed 42240K, reserved 1085440K
  class space    used 5566K, capacity 5877K, committed 5888K, reserved 1048576K
}
Event: 31.605 GC heap before
{Heap before GC invocations=17 (full 2):
 PSYoungGen      total 37888K, used 34636K [0x00000000e0000000, 0x00000000e2f80000, 0x0000000100000000)
  eden space 29184K, 100% used [0x00000000e0000000,0x00000000e1c80000,0x00000000e1c80000)
  from space 8704K, 62% used [0x00000000e2700000,0x00000000e2c53078,0x00000000e2f80000)
  to   space 9728K, 0% used [0x00000000e1c80000,0x00000000e1c80000,0x00000000e2600000)
 ParOldGen       total 61440K, used 17753K [0x00000000a0000000, 0x00000000a3c00000, 0x00000000e0000000)
  object space 61440K, 28% used [0x00000000a0000000,0x00000000a1156508,0x00000000a3c00000)
 Metaspace       used 42569K, capacity 43856K, committed 44032K, reserved 1087488K
  class space    used 5773K, capacity 6134K, committed 6144K, reserved 1048576K
Event: 31.612 GC heap after
Heap after GC invocations=17 (full 2):
 PSYoungGen      total 38912K, used 8218K [0x00000000e0000000, 0x00000000e3b00000, 0x0000000100000000)
  eden space 29184K, 0% used [0x00000000e0000000,0x00000000e0000000,0x00000000e1c80000)
  from space 9728K, 84% used [0x00000000e1c80000,0x00000000e2486840,0x00000000e2600000)
  to   space 10240K, 0% used [0x00000000e3100000,0x00000000e3100000,0x00000000e3b00000)
 ParOldGen       total 61440K, used 18742K [0x00000000a0000000, 0x00000000a3c00000, 0x00000000e0000000)
  object space 61440K, 30% used [0x00000000a0000000,0x00000000a124d930,0x00000000a3c00000)
 Metaspace       used 42569K, capacity 43856K, committed 44032K, reserved 1087488K
  class space    used 5773K, capacity 6134K, committed 6144K, reserved 1048576K
}

