# JRE version: OpenJDK Runtime Environment (8.0_202-b03) (build 1.8.0_202-release-1483-b03)
# Java VM: OpenJDK 64-Bit Server VM (25.202-b03 mixed mode windows-amd64 compressed oops)
Heap:
 PSYoungGen      total 150016K, used 32766K [0x00000000e0000000, 0x00000000ebe80000, 0x0000000100000000)
  eden space 135680K, 17% used [0x00000000e0000000,0x00000000e176a488,0x00000000e8480000)
  from space 14336K, 61% used [0x00000000e8480000,0x00000000e8d15558,0x00000000e9280000)
  to   space 13824K, 0% used [0x00000000eb100000,0x00000000eb100000,0x00000000ebe80000)
 ParOldGen       total 115712K, used 33046K [0x00000000a0000000, 0x00000000a7100000, 0x00000000e0000000)
  object space 115712K, 28% used [0x00000000a0000000,0x00000000a2045870,0x00000000a7100000)
 Metaspace       used 61802K, capacity 63985K, committed 64128K, reserved 1103872K
  class space    used 8432K, capacity 8969K, committed 9088K, reserved 1048576K
GC Heap History (10 events):
Event: 21.161 GC heap before
{Heap before GC invocations=14 (full 2):
 PSYoungGen      total 84992K, used 84583K [0x00000000e0000000, 0x00000000e7a00000, 0x0000000100000000)
  eden space 73216K, 100% used [0x00000000e0000000,0x00000000e4780000,0x00000000e4780000)
  from space 11776K, 96% used [0x00000000e4780000,0x00000000e5299f18,0x00000000e5300000)
  to   space 12800K, 0% used [0x00000000e6d80000,0x00000000e6d80000,0x00000000e7a00000)
 ParOldGen       total 78336K, used 17198K [0x00000000a0000000, 0x00000000a4c80000, 0x00000000e0000000)
  object space 78336K, 21% used [0x00000000a0000000,0x00000000a10cbaa8,0x00000000a4c80000)
 Metaspace       used 48479K, capacity 49794K, committed 50048K, reserved 1091584K
  class space    used 6572K, capacity 6939K, committed 7040K, reserved 1048576K
Event: 21.174 GC heap after
Heap after GC invocations=14 (full 2):
 PSYoungGen      total 112128K, used 8191K [0x00000000e0000000, 0x00000000e7b80000, 0x0000000100000000)
  eden space 99328K, 0% used [0x00000000e0000000,0x00000000e0000000,0x00000000e6100000)
  from space 12800K, 63% used [0x00000000e6d80000,0x00000000e757fe08,0x00000000e7a00000)
  to   space 12800K, 0% used [0x00000000e6100000,0x00000000e6100000,0x00000000e6d80000)
 ParOldGen       total 78336K, used 22550K [0x00000000a0000000, 0x00000000a4c80000, 0x00000000e0000000)
  object space 78336K, 28% used [0x00000000a0000000,0x00000000a16059e0,0x00000000a4c80000)
 Metaspace       used 48479K, capacity 49794K, committed 50048K, reserved 1091584K
  class space    used 6572K, capacity 6939K, committed 7040K, reserved 1048576K
}
Event: 23.388 GC heap before
{Heap before GC invocations=15 (full 2):
 PSYoungGen      total 112128K, used 107519K [0x00000000e0000000, 0x00000000e7b80000, 0x0000000100000000)
  eden space 99328K, 100% used [0x00000000e0000000,0x00000000e6100000,0x00000000e6100000)
  from space 12800K, 63% used [0x00000000e6d80000,0x00000000e757fe08,0x00000000e7a00000)
  to   space 12800K, 0% used [0x00000000e6100000,0x00000000e6100000,0x00000000e6d80000)
 ParOldGen       total 78336K, used 22550K [0x00000000a0000000, 0x00000000a4c80000, 0x00000000e0000000)
  object space 78336K, 28% used [0x00000000a0000000,0x00000000a16059e0,0x00000000a4c80000)
 Metaspace       used 55696K, capacity 57356K, committed 57472K, reserved 1099776K
  class space    used 7625K, capacity 8050K, committed 8064K, reserved 1048576K
Event: 23.401 GC heap after
Heap after GC invocations=15 (full 2):
 PSYoungGen      total 112128K, used 11415K [0x00000000e0000000, 0x00000000ea000000, 0x0000000100000000)
  eden space 99328K, 0% used [0x00000000e0000000,0x00000000e0000000,0x00000000e6100000)
  from space 12800K, 89% used [0x00000000e6100000,0x00000000e6c25d90,0x00000000e6d80000)
  to   space 13824K, 0% used [0x00000000e9280000,0x00000000e9280000,0x00000000ea000000)
 ParOldGen       total 78336K, used 27081K [0x00000000a0000000, 0x00000000a4c80000, 0x00000000e0000000)
  object space 78336K, 34% used [0x00000000a0000000,0x00000000a1a726d0,0x00000000a4c80000)
 Metaspace       used 55696K, capacity 57356K, committed 57472K, reserved 1099776K
  class space    used 7625K, capacity 8050K, committed 8064K, reserved 1048576K
}
Event: 23.854 GC heap before
{Heap before GC invocations=16 (full 2):
 PSYoungGen      total 112128K, used 37196K [0x00000000e0000000, 0x00000000ea000000, 0x0000000100000000)
  eden space 99328K, 25% used [0x00000000e0000000,0x00000000e192d328,0x00000000e6100000)
  from space 12800K, 89% used [0x00000000e6100000,0x00000000e6c25d90,0x00000000e6d80000)
  to   space 13824K, 0% used [0x00000000e9280000,0x00000000e9280000,0x00000000ea000000)
 ParOldGen       total 78336K, used 27081K [0x00000000a0000000, 0x00000000a4c80000, 0x00000000e0000000)
  object space 78336K, 34% used [0x00000000a0000000,0x00000000a1a726d0,0x00000000a4c80000)
 Metaspace       used 57228K, capacity 59093K, committed 59160K, reserved 1099776K
  class space    used 7884K, capacity 8320K, committed 8320K, reserved 1048576K
Event: 23.864 GC heap after
Heap after GC invocations=16 (full 2):
 PSYoungGen      total 149504K, used 2445K [0x00000000e0000000, 0x00000000ea680000, 0x0000000100000000)
  eden space 135680K, 0% used [0x00000000e0000000,0x00000000e0000000,0x00000000e8480000)
  from space 13824K, 17% used [0x00000000e9280000,0x00000000e94e3560,0x00000000ea000000)
  to   space 14336K, 0% used [0x00000000e8480000,0x00000000e8480000,0x00000000e9280000)
 ParOldGen       total 78336K, used 32179K [0x00000000a0000000, 0x00000000a4c80000, 0x00000000e0000000)
  object space 78336K, 41% used [0x00000000a0000000,0x00000000a1f6ce60,0x00000000a4c80000)
 Metaspace       used 57228K, capacity 59093K, committed 59160K, reserved 1099776K
  class space    used 7884K, capacity 8320K, committed 8320K, reserved 1048576K
}
Event: 23.864 GC heap before
{Heap before GC invocations=17 (full 3):
 PSYoungGen      total 149504K, used 2445K [0x00000000e0000000, 0x00000000ea680000, 0x0000000100000000)
  eden space 135680K, 0% used [0x00000000e0000000,0x00000000e0000000,0x00000000e8480000)
  from space 13824K, 17% used [0x00000000e9280000,0x00000000e94e3560,0x00000000ea000000)
  to   space 14336K, 0% used [0x00000000e8480000,0x00000000e8480000,0x00000000e9280000)
 ParOldGen       total 78336K, used 32179K [0x00000000a0000000, 0x00000000a4c80000, 0x00000000e0000000)
  object space 78336K, 41% used [0x00000000a0000000,0x00000000a1f6ce60,0x00000000a4c80000)
 Metaspace       used 57228K, capacity 59093K, committed 59160K, reserved 1099776K
  class space    used 7884K, capacity 8320K, committed 8320K, reserved 1048576K
Event: 24.066 GC heap after
Heap after GC invocations=17 (full 3):
 PSYoungGen      total 149504K, used 0K [0x00000000e0000000, 0x00000000ea680000, 0x0000000100000000)
  eden space 135680K, 0% used [0x00000000e0000000,0x00000000e0000000,0x00000000e8480000)
  from space 13824K, 0% used [0x00000000e9280000,0x00000000e9280000,0x00000000ea000000)
  to   space 14336K, 0% used [0x00000000e8480000,0x00000000e8480000,0x00000000e9280000)
 ParOldGen       total 115712K, used 33038K [0x00000000a0000000, 0x00000000a7100000, 0x00000000e0000000)
  object space 115712K, 28% used [0x00000000a0000000,0x00000000a2043870,0x00000000a7100000)
 Metaspace       used 57228K, capacity 59093K, committed 59160K, reserved 1099776K
  class space    used 7884K, capacity 8320K, committed 8320K, reserved 1048576K
}
Event: 27.163 GC heap before
{Heap before GC invocations=18 (full 3):
 PSYoungGen      total 149504K, used 135680K [0x00000000e0000000, 0x00000000ea680000, 0x0000000100000000)
  eden space 135680K, 100% used [0x00000000e0000000,0x00000000e8480000,0x00000000e8480000)
  from space 13824K, 0% used [0x00000000e9280000,0x00000000e9280000,0x00000000ea000000)
  to   space 14336K, 0% used [0x00000000e8480000,0x00000000e8480000,0x00000000e9280000)
 ParOldGen       total 115712K, used 33038K [0x00000000a0000000, 0x00000000a7100000, 0x00000000e0000000)
  object space 115712K, 28% used [0x00000000a0000000,0x00000000a2043870,0x00000000a7100000)
 Metaspace       used 61055K, capacity 63019K, committed 63104K, reserved 1103872K
  class space    used 8344K, capacity 8826K, committed 8832K, reserved 1048576K
Event: 27.176 GC heap after
Heap after GC invocations=18 (full 3):
 PSYoungGen      total 150016K, used 8789K [0x00000000e0000000, 0x00000000ebe80000, 0x0000000100000000)
  eden space 135680K, 0% used [0x00000000e0000000,0x00000000e0000000,0x00000000e8480000)
  from space 14336K, 61% used [0x00000000e8480000,0x00000000e8d15558,0x00000000e9280000)
  to   space 13824K, 0% used [0x00000000eb100000,0x00000000eb100000,0x00000000ebe80000)
 ParOldGen       total 115712K, used 33046K [0x00000000a0000000, 0x00000000a7100000, 0x00000000e0000000)
  object space 115712K, 28% used [0x00000000a0000000,0x00000000a2045870,0x00000000a7100000)
 Metaspace       used 61055K, capacity 63019K, committed 63104K, reserved 1103872K
  class space    used 8344K, capacity 8826K, committed 8832K, reserved 1048576K
}

