# JRE version: OpenJDK Runtime Environment (8.0_202-b03) (build 1.8.0_202-release-1483-b03)
# Java VM: OpenJDK 64-Bit Server VM (25.202-b03 mixed mode windows-amd64 compressed oops)
Heap:
 PSYoungGen      total 124928K, used 69558K [0x00000000e0000000, 0x00000000eb880000, 0x0000000100000000)
  eden space 113664K, 61% used [0x00000000e0000000,0x00000000e43edba8,0x00000000e6f00000)
  from space 11264K, 0% used [0x00000000e6f00000,0x00000000e6f00000,0x00000000e7a00000)
  to   space 12288K, 0% used [0x00000000eac80000,0x00000000eac80000,0x00000000eb880000)
 ParOldGen       total 78848K, used 17807K [0x00000000a0000000, 0x00000000a4d00000, 0x00000000e0000000)
  object space 78848K, 22% used [0x00000000a0000000,0x00000000a1163d50,0x00000000a4d00000)
 Metaspace       used 41793K, capacity 42918K, committed 43176K, reserved 1087488K
  class space    used 5668K, capacity 5976K, committed 6056K, reserved 1048576K
GC Heap History (10 events):
Event: 5.090 GC heap before
{Heap before GC invocations=7 (full 1):
 PSYoungGen      total 75264K, used 7119K [0x00000000e0000000, 0x00000000e5400000, 0x0000000100000000)
  eden space 65536K, 0% used [0x00000000e0000000,0x00000000e0000000,0x00000000e4000000)
  from space 9728K, 73% used [0x00000000e4a80000,0x00000000e5173c48,0x00000000e5400000)
  to   space 10240K, 0% used [0x00000000e4000000,0x00000000e4000000,0x00000000e4a00000)
 ParOldGen       total 86016K, used 8423K [0x00000000a0000000, 0x00000000a5400000, 0x00000000e0000000)
  object space 86016K, 9% used [0x00000000a0000000,0x00000000a0839d88,0x00000000a5400000)
 Metaspace       used 20699K, capacity 21164K, committed 21296K, reserved 1067008K
  class space    used 2918K, capacity 3125K, committed 3200K, reserved 1048576K
Event: 5.117 GC heap after
Heap after GC invocations=7 (full 1):
 PSYoungGen      total 75264K, used 0K [0x00000000e0000000, 0x00000000e5400000, 0x0000000100000000)
  eden space 65536K, 0% used [0x00000000e0000000,0x00000000e0000000,0x00000000e4000000)
  from space 9728K, 0% used [0x00000000e4a80000,0x00000000e4a80000,0x00000000e5400000)
  to   space 10240K, 0% used [0x00000000e4000000,0x00000000e4000000,0x00000000e4a00000)
 ParOldGen       total 53760K, used 8408K [0x00000000a0000000, 0x00000000a3480000, 0x00000000e0000000)
  object space 53760K, 15% used [0x00000000a0000000,0x00000000a08360d8,0x00000000a3480000)
 Metaspace       used 20699K, capacity 21164K, committed 21296K, reserved 1067008K
  class space    used 2918K, capacity 3125K, committed 3200K, reserved 1048576K
}
Event: 5.629 GC heap before
{Heap before GC invocations=8 (full 1):
 PSYoungGen      total 75264K, used 65536K [0x00000000e0000000, 0x00000000e5400000, 0x0000000100000000)
  eden space 65536K, 100% used [0x00000000e0000000,0x00000000e4000000,0x00000000e4000000)
  from space 9728K, 0% used [0x00000000e4a80000,0x00000000e4a80000,0x00000000e5400000)
  to   space 10240K, 0% used [0x00000000e4000000,0x00000000e4000000,0x00000000e4a00000)
 ParOldGen       total 53760K, used 8408K [0x00000000a0000000, 0x00000000a3480000, 0x00000000e0000000)
  object space 53760K, 15% used [0x00000000a0000000,0x00000000a08360d8,0x00000000a3480000)
 Metaspace       used 27840K, capacity 28340K, committed 28672K, reserved 1073152K
  class space    used 3806K, capacity 3999K, committed 4096K, reserved 1048576K
Event: 5.635 GC heap after
Heap after GC invocations=8 (full 1):
 PSYoungGen      total 75776K, used 7187K [0x00000000e0000000, 0x00000000e8400000, 0x0000000100000000)
  eden space 65536K, 0% used [0x00000000e0000000,0x00000000e0000000,0x00000000e4000000)
  from space 10240K, 70% used [0x00000000e4000000,0x00000000e4704c38,0x00000000e4a00000)
  to   space 10240K, 0% used [0x00000000e7a00000,0x00000000e7a00000,0x00000000e8400000)
 ParOldGen       total 53760K, used 8416K [0x00000000a0000000, 0x00000000a3480000, 0x00000000e0000000)
  object space 53760K, 15% used [0x00000000a0000000,0x00000000a08380d8,0x00000000a3480000)
 Metaspace       used 27840K, capacity 28340K, committed 28672K, reserved 1073152K
  class space    used 3806K, capacity 3999K, committed 4096K, reserved 1048576K
}
Event: 6.427 GC heap before
{Heap before GC invocations=9 (full 1):
 PSYoungGen      total 75776K, used 72723K [0x00000000e0000000, 0x00000000e8400000, 0x0000000100000000)
  eden space 65536K, 100% used [0x00000000e0000000,0x00000000e4000000,0x00000000e4000000)
  from space 10240K, 70% used [0x00000000e4000000,0x00000000e4704c38,0x00000000e4a00000)
  to   space 10240K, 0% used [0x00000000e7a00000,0x00000000e7a00000,0x00000000e8400000)
 ParOldGen       total 53760K, used 8416K [0x00000000a0000000, 0x00000000a3480000, 0x00000000e0000000)
  object space 53760K, 15% used [0x00000000a0000000,0x00000000a08380d8,0x00000000a3480000)
 Metaspace       used 32075K, capacity 32770K, committed 32896K, reserved 1077248K
  class space    used 4405K, capacity 4630K, committed 4736K, reserved 1048576K
Event: 6.445 GC heap after
Heap after GC invocations=9 (full 1):
 PSYoungGen      total 123904K, used 9659K [0x00000000e0000000, 0x00000000e8700000, 0x0000000100000000)
  eden space 113664K, 0% used [0x00000000e0000000,0x00000000e0000000,0x00000000e6f00000)
  from space 10240K, 94% used [0x00000000e7a00000,0x00000000e836eed8,0x00000000e8400000)
  to   space 11264K, 0% used [0x00000000e6f00000,0x00000000e6f00000,0x00000000e7a00000)
 ParOldGen       total 53760K, used 8424K [0x00000000a0000000, 0x00000000a3480000, 0x00000000e0000000)
  object space 53760K, 15% used [0x00000000a0000000,0x00000000a083a0d8,0x00000000a3480000)
 Metaspace       used 32075K, capacity 32770K, committed 32896K, reserved 1077248K
  class space    used 4405K, capacity 4630K, committed 4736K, reserved 1048576K
}
Event: 8.167 GC heap before
{Heap before GC invocations=10 (full 1):
 PSYoungGen      total 123904K, used 70633K [0x00000000e0000000, 0x00000000e8700000, 0x0000000100000000)
  eden space 113664K, 53% used [0x00000000e0000000,0x00000000e3b8b570,0x00000000e6f00000)
  from space 10240K, 94% used [0x00000000e7a00000,0x00000000e836eed8,0x00000000e8400000)
  to   space 11264K, 0% used [0x00000000e6f00000,0x00000000e6f00000,0x00000000e7a00000)
 ParOldGen       total 53760K, used 8424K [0x00000000a0000000, 0x00000000a3480000, 0x00000000e0000000)
  object space 53760K, 15% used [0x00000000a0000000,0x00000000a083a0d8,0x00000000a3480000)
 Metaspace       used 34403K, capacity 35436K, committed 35496K, reserved 1079296K
  class space    used 4729K, capacity 5000K, committed 5032K, reserved 1048576K
Event: 8.179 GC heap after
Heap after GC invocations=10 (full 1):
 PSYoungGen      total 124928K, used 10728K [0x00000000e0000000, 0x00000000eb880000, 0x0000000100000000)
  eden space 113664K, 0% used [0x00000000e0000000,0x00000000e0000000,0x00000000e6f00000)
  from space 11264K, 95% used [0x00000000e6f00000,0x00000000e797a0d0,0x00000000e7a00000)
  to   space 12288K, 0% used [0x00000000eac80000,0x00000000eac80000,0x00000000eb880000)
 ParOldGen       total 53760K, used 8432K [0x00000000a0000000, 0x00000000a3480000, 0x00000000e0000000)
  object space 53760K, 15% used [0x00000000a0000000,0x00000000a083c0d8,0x00000000a3480000)
 Metaspace       used 34403K, capacity 35436K, committed 35496K, reserved 1079296K
  class space    used 4729K, capacity 5000K, committed 5032K, reserved 1048576K
}
Event: 8.179 GC heap before
{Heap before GC invocations=11 (full 2):
 PSYoungGen      total 124928K, used 10728K [0x00000000e0000000, 0x00000000eb880000, 0x0000000100000000)
  eden space 113664K, 0% used [0x00000000e0000000,0x00000000e0000000,0x00000000e6f00000)
  from space 11264K, 95% used [0x00000000e6f00000,0x00000000e797a0d0,0x00000000e7a00000)
  to   space 12288K, 0% used [0x00000000eac80000,0x00000000eac80000,0x00000000eb880000)
 ParOldGen       total 53760K, used 8432K [0x00000000a0000000, 0x00000000a3480000, 0x00000000e0000000)
  object space 53760K, 15% used [0x00000000a0000000,0x00000000a083c0d8,0x00000000a3480000)
 Metaspace       used 34403K, capacity 35436K, committed 35496K, reserved 1079296K
  class space    used 4729K, capacity 5000K, committed 5032K, reserved 1048576K
Event: 8.221 GC heap after
Heap after GC invocations=11 (full 2):
 PSYoungGen      total 124928K, used 0K [0x00000000e0000000, 0x00000000eb880000, 0x0000000100000000)
  eden space 113664K, 0% used [0x00000000e0000000,0x00000000e0000000,0x00000000e6f00000)
  from space 11264K, 0% used [0x00000000e6f00000,0x00000000e6f00000,0x00000000e7a00000)
  to   space 12288K, 0% used [0x00000000eac80000,0x00000000eac80000,0x00000000eb880000)
 ParOldGen       total 78848K, used 17807K [0x00000000a0000000, 0x00000000a4d00000, 0x00000000e0000000)
  object space 78848K, 22% used [0x00000000a0000000,0x00000000a1163d50,0x00000000a4d00000)
 Metaspace       used 34395K, capacity 35412K, committed 35496K, reserved 1079296K
  class space    used 4727K, capacity 4996K, committed 5032K, reserved 1048576K
}

