# JRE version: OpenJDK Runtime Environment (8.0_202-b03) (build 1.8.0_202-release-1483-b03)
# Java VM: OpenJDK 64-Bit Server VM (25.202-b03 mixed mode windows-amd64 compressed oops)
Heap:
 PSYoungGen      total 105472K, used 54057K [0x00000000e0000000, 0x00000000e7680000, 0x0000000100000000)
  eden space 99840K, 48% used [0x00000000e0000000,0x00000000e2f565c8,0x00000000e6180000)
  from space 5632K, 99% used [0x00000000e7100000,0x00000000e7674020,0x00000000e7680000)
  to   space 10752K, 0% used [0x00000000e6180000,0x00000000e6180000,0x00000000e6c00000)
 ParOldGen       total 95744K, used 65076K [0x00000000a0000000, 0x00000000a5d80000, 0x00000000e0000000)
  object space 95744K, 67% used [0x00000000a0000000,0x00000000a3f8d070,0x00000000a5d80000)
 Metaspace       used 72158K, capacity 75632K, committed 75944K, reserved 1114112K
  class space    used 9541K, capacity 10286K, committed 10408K, reserved 1048576K
GC Heap History (10 events):
Event: 49.796 GC heap before
{Heap before GC invocations=33 (full 3):
 PSYoungGen      total 80896K, used 80880K [0x00000000e0000000, 0x00000000e6b80000, 0x0000000100000000)
  eden space 71168K, 100% used [0x00000000e0000000,0x00000000e4580000,0x00000000e4580000)
  from space 9728K, 99% used [0x00000000e4580000,0x00000000e4efc020,0x00000000e4f00000)
  to   space 11264K, 0% used [0x00000000e6080000,0x00000000e6080000,0x00000000e6b80000)
 ParOldGen       total 95744K, used 41132K [0x00000000a0000000, 0x00000000a5d80000, 0x00000000e0000000)
  object space 95744K, 42% used [0x00000000a0000000,0x00000000a282b030,0x00000000a5d80000)
 Metaspace       used 66267K, capacity 68956K, committed 69032K, reserved 1107968K
  class space    used 8958K, capacity 9580K, committed 9640K, reserved 1048576K
Event: 49.822 GC heap after
Heap after GC invocations=33 (full 3):
 PSYoungGen      total 97792K, used 9932K [0x00000000e0000000, 0x00000000e6c80000, 0x0000000100000000)
  eden space 86528K, 0% used [0x00000000e0000000,0x00000000e0000000,0x00000000e5480000)
  from space 11264K, 88% used [0x00000000e6080000,0x00000000e6a33050,0x00000000e6b80000)
  to   space 12288K, 0% used [0x00000000e5480000,0x00000000e5480000,0x00000000e6080000)
 ParOldGen       total 95744K, used 47780K [0x00000000a0000000, 0x00000000a5d80000, 0x00000000e0000000)
  object space 95744K, 49% used [0x00000000a0000000,0x00000000a2ea90d0,0x00000000a5d80000)
 Metaspace       used 66267K, capacity 68956K, committed 69032K, reserved 1107968K
  class space    used 8958K, capacity 9580K, committed 9640K, reserved 1048576K
}
Event: 4258.684 GC heap before
{Heap before GC invocations=34 (full 3):
 PSYoungGen      total 97792K, used 96460K [0x00000000e0000000, 0x00000000e6c80000, 0x0000000100000000)
  eden space 86528K, 100% used [0x00000000e0000000,0x00000000e5480000,0x00000000e5480000)
  from space 11264K, 88% used [0x00000000e6080000,0x00000000e6a33050,0x00000000e6b80000)
  to   space 12288K, 0% used [0x00000000e5480000,0x00000000e5480000,0x00000000e6080000)
 ParOldGen       total 95744K, used 47780K [0x00000000a0000000, 0x00000000a5d80000, 0x00000000e0000000)
  object space 95744K, 49% used [0x00000000a0000000,0x00000000a2ea90d0,0x00000000a5d80000)
 Metaspace       used 70058K, capacity 73036K, committed 73256K, reserved 1112064K
  class space    used 9276K, capacity 9955K, committed 10024K, reserved 1048576K
Event: 4261.715 GC heap after
Heap after GC invocations=34 (full 3):
 PSYoungGen      total 98816K, used 6149K [0x00000000e0000000, 0x00000000e7c80000, 0x0000000100000000)
  eden space 86528K, 0% used [0x00000000e0000000,0x00000000e0000000,0x00000000e5480000)
  from space 12288K, 50% used [0x00000000e5480000,0x00000000e5a81538,0x00000000e6080000)
  to   space 11776K, 0% used [0x00000000e7100000,0x00000000e7100000,0x00000000e7c80000)
 ParOldGen       total 95744K, used 55892K [0x00000000a0000000, 0x00000000a5d80000, 0x00000000e0000000)
  object space 95744K, 58% used [0x00000000a0000000,0x00000000a3695190,0x00000000a5d80000)
 Metaspace       used 70058K, capacity 73036K, committed 73256K, reserved 1112064K
  class space    used 9276K, capacity 9955K, committed 10024K, reserved 1048576K
}
Event: 4271.855 GC heap before
{Heap before GC invocations=35 (full 3):
 PSYoungGen      total 98816K, used 92677K [0x00000000e0000000, 0x00000000e7c80000, 0x0000000100000000)
  eden space 86528K, 100% used [0x00000000e0000000,0x00000000e5480000,0x00000000e5480000)
  from space 12288K, 50% used [0x00000000e5480000,0x00000000e5a81538,0x00000000e6080000)
  to   space 11776K, 0% used [0x00000000e7100000,0x00000000e7100000,0x00000000e7c80000)
 ParOldGen       total 95744K, used 55892K [0x00000000a0000000, 0x00000000a5d80000, 0x00000000e0000000)
  object space 95744K, 58% used [0x00000000a0000000,0x00000000a3695190,0x00000000a5d80000)
 Metaspace       used 70816K, capacity 73882K, committed 74152K, reserved 1114112K
  class space    used 9385K, capacity 10070K, committed 10152K, reserved 1048576K
Event: 4271.918 GC heap after
Heap after GC invocations=35 (full 3):
 PSYoungGen      total 112640K, used 5616K [0x00000000e0000000, 0x00000000e7a80000, 0x0000000100000000)
  eden space 102912K, 0% used [0x00000000e0000000,0x00000000e0000000,0x00000000e6480000)
  from space 9728K, 57% used [0x00000000e7100000,0x00000000e767c010,0x00000000e7a80000)
  to   space 11264K, 0% used [0x00000000e6480000,0x00000000e6480000,0x00000000e6f80000)
 ParOldGen       total 95744K, used 58755K [0x00000000a0000000, 0x00000000a5d80000, 0x00000000e0000000)
  object space 95744K, 61% used [0x00000000a0000000,0x00000000a3960e80,0x00000000a5d80000)
 Metaspace       used 70816K, capacity 73882K, committed 74152K, reserved 1114112K
  class space    used 9385K, capacity 10070K, committed 10152K, reserved 1048576K
}
Event: 4274.921 GC heap before
{Heap before GC invocations=36 (full 3):
 PSYoungGen      total 112640K, used 108528K [0x00000000e0000000, 0x00000000e7a80000, 0x0000000100000000)
  eden space 102912K, 100% used [0x00000000e0000000,0x00000000e6480000,0x00000000e6480000)
  from space 9728K, 57% used [0x00000000e7100000,0x00000000e767c010,0x00000000e7a80000)
  to   space 11264K, 0% used [0x00000000e6480000,0x00000000e6480000,0x00000000e6f80000)
 ParOldGen       total 95744K, used 58755K [0x00000000a0000000, 0x00000000a5d80000, 0x00000000e0000000)
  object space 95744K, 61% used [0x00000000a0000000,0x00000000a3960e80,0x00000000a5d80000)
 Metaspace       used 70907K, capacity 74014K, committed 74152K, reserved 1114112K
  class space    used 9386K, capacity 10070K, committed 10152K, reserved 1048576K
Event: 4274.940 GC heap after
Heap after GC invocations=36 (full 3):
 PSYoungGen      total 114176K, used 3584K [0x00000000e0000000, 0x00000000e7a80000, 0x0000000100000000)
  eden space 102912K, 0% used [0x00000000e0000000,0x00000000e0000000,0x00000000e6480000)
  from space 11264K, 31% used [0x00000000e6480000,0x00000000e6800000,0x00000000e6f80000)
  to   space 9728K, 0% used [0x00000000e7100000,0x00000000e7100000,0x00000000e7a80000)
 ParOldGen       total 95744K, used 62692K [0x00000000a0000000, 0x00000000a5d80000, 0x00000000e0000000)
  object space 95744K, 65% used [0x00000000a0000000,0x00000000a3d39070,0x00000000a5d80000)
 Metaspace       used 70907K, capacity 74014K, committed 74152K, reserved 1114112K
  class space    used 9386K, capacity 10070K, committed 10152K, reserved 1048576K
}
Event: 4309.573 GC heap before
{Heap before GC invocations=37 (full 3):
 PSYoungGen      total 114176K, used 106496K [0x00000000e0000000, 0x00000000e7a80000, 0x0000000100000000)
  eden space 102912K, 100% used [0x00000000e0000000,0x00000000e6480000,0x00000000e6480000)
  from space 11264K, 31% used [0x00000000e6480000,0x00000000e6800000,0x00000000e6f80000)
  to   space 9728K, 0% used [0x00000000e7100000,0x00000000e7100000,0x00000000e7a80000)
 ParOldGen       total 95744K, used 62692K [0x00000000a0000000, 0x00000000a5d80000, 0x00000000e0000000)
  object space 95744K, 65% used [0x00000000a0000000,0x00000000a3d39070,0x00000000a5d80000)
 Metaspace       used 71549K, capacity 74984K, committed 75304K, reserved 1114112K
  class space    used 9471K, capacity 10212K, committed 10280K, reserved 1048576K
Event: 4309.589 GC heap after
Heap after GC invocations=37 (full 3):
 PSYoungGen      total 105472K, used 5584K [0x00000000e0000000, 0x00000000e7680000, 0x0000000100000000)
  eden space 99840K, 0% used [0x00000000e0000000,0x00000000e0000000,0x00000000e6180000)
  from space 5632K, 99% used [0x00000000e7100000,0x00000000e7674020,0x00000000e7680000)
  to   space 10752K, 0% used [0x00000000e6180000,0x00000000e6180000,0x00000000e6c00000)
 ParOldGen       total 95744K, used 65076K [0x00000000a0000000, 0x00000000a5d80000, 0x00000000e0000000)
  object space 95744K, 67% used [0x00000000a0000000,0x00000000a3f8d070,0x00000000a5d80000)
 Metaspace       used 71549K, capacity 74984K, committed 75304K, reserved 1114112K
  class space    used 9471K, capacity 10212K, committed 10280K, reserved 1048576K
}

