# JRE version: OpenJDK Runtime Environment (8.0_202-b03) (build 1.8.0_202-release-1483-b03)
# Java VM: OpenJDK 64-Bit Server VM (25.202-b03 mixed mode windows-amd64 compressed oops)
Heap:
 PSYoungGen      total 37888K, used 28129K [0x00000000e0000000, 0x00000000e2f00000, 0x0000000100000000)
  eden space 29696K, 78% used [0x00000000e0000000,0x00000000e16b0318,0x00000000e1d00000)
  from space 8192K, 59% used [0x00000000e2700000,0x00000000e2bc8490,0x00000000e2f00000)
  to   space 9216K, 0% used [0x00000000e1d00000,0x00000000e1d00000,0x00000000e2600000)
 ParOldGen       total 45056K, used 11274K [0x00000000a0000000, 0x00000000a2c00000, 0x00000000e0000000)
  object space 45056K, 25% used [0x00000000a0000000,0x00000000a0b029f0,0x00000000a2c00000)
 Metaspace       used 32742K, capacity 33618K, committed 33664K, reserved 1079296K
  class space    used 4507K, capacity 4714K, committed 4736K, reserved 1048576K
GC Heap History (10 events):
Event: 19.282 GC heap before
{Heap before GC invocations=7 (full 1):
 PSYoungGen      total 41472K, used 7192K [0x00000000e0000000, 0x00000000e3300000, 0x0000000100000000)
  eden space 31744K, 0% used [0x00000000e0000000,0x00000000e0000000,0x00000000e1f00000)
  from space 9728K, 73% used [0x00000000e2980000,0x00000000e3086128,0x00000000e3300000)
  to   space 10240K, 0% used [0x00000000e1f00000,0x00000000e1f00000,0x00000000e2900000)
 ParOldGen       total 86016K, used 8192K [0x00000000a0000000, 0x00000000a5400000, 0x00000000e0000000)
  object space 86016K, 9% used [0x00000000a0000000,0x00000000a0800328,0x00000000a5400000)
 Metaspace       used 20695K, capacity 21160K, committed 21296K, reserved 1067008K
  class space    used 2923K, capacity 3125K, committed 3200K, reserved 1048576K
Event: 19.313 GC heap after
Heap after GC invocations=7 (full 1):
 PSYoungGen      total 41472K, used 0K [0x00000000e0000000, 0x00000000e3300000, 0x0000000100000000)
  eden space 31744K, 0% used [0x00000000e0000000,0x00000000e0000000,0x00000000e1f00000)
  from space 9728K, 0% used [0x00000000e2980000,0x00000000e2980000,0x00000000e3300000)
  to   space 10240K, 0% used [0x00000000e1f00000,0x00000000e1f00000,0x00000000e2900000)
 ParOldGen       total 45056K, used 8301K [0x00000000a0000000, 0x00000000a2c00000, 0x00000000e0000000)
  object space 45056K, 18% used [0x00000000a0000000,0x00000000a081b5c8,0x00000000a2c00000)
 Metaspace       used 20695K, capacity 21160K, committed 21296K, reserved 1067008K
  class space    used 2923K, capacity 3125K, committed 3200K, reserved 1048576K
}
Event: 21.462 GC heap before
{Heap before GC invocations=8 (full 1):
 PSYoungGen      total 41472K, used 31744K [0x00000000e0000000, 0x00000000e3300000, 0x0000000100000000)
  eden space 31744K, 100% used [0x00000000e0000000,0x00000000e1f00000,0x00000000e1f00000)
  from space 9728K, 0% used [0x00000000e2980000,0x00000000e2980000,0x00000000e3300000)
  to   space 10240K, 0% used [0x00000000e1f00000,0x00000000e1f00000,0x00000000e2900000)
 ParOldGen       total 45056K, used 8301K [0x00000000a0000000, 0x00000000a2c00000, 0x00000000e0000000)
  object space 45056K, 18% used [0x00000000a0000000,0x00000000a081b5c8,0x00000000a2c00000)
 Metaspace       used 25634K, capacity 26084K, committed 26240K, reserved 1071104K
  class space    used 3442K, capacity 3613K, committed 3712K, reserved 1048576K
Event: 21.465 GC heap after
Heap after GC invocations=8 (full 1):
 PSYoungGen      total 35840K, used 4279K [0x00000000e0000000, 0x00000000e3280000, 0x0000000100000000)
  eden space 31232K, 0% used [0x00000000e0000000,0x00000000e0000000,0x00000000e1e80000)
  from space 4608K, 92% used [0x00000000e1f00000,0x00000000e232dcf0,0x00000000e2380000)
  to   space 10240K, 0% used [0x00000000e2880000,0x00000000e2880000,0x00000000e3280000)
 ParOldGen       total 45056K, used 8309K [0x00000000a0000000, 0x00000000a2c00000, 0x00000000e0000000)
  object space 45056K, 18% used [0x00000000a0000000,0x00000000a081d5c8,0x00000000a2c00000)
 Metaspace       used 25634K, capacity 26084K, committed 26240K, reserved 1071104K
  class space    used 3442K, capacity 3613K, committed 3712K, reserved 1048576K
}
Event: 23.444 GC heap before
{Heap before GC invocations=9 (full 1):
 PSYoungGen      total 35840K, used 35511K [0x00000000e0000000, 0x00000000e3280000, 0x0000000100000000)
  eden space 31232K, 100% used [0x00000000e0000000,0x00000000e1e80000,0x00000000e1e80000)
  from space 4608K, 92% used [0x00000000e1f00000,0x00000000e232dcf0,0x00000000e2380000)
  to   space 10240K, 0% used [0x00000000e2880000,0x00000000e2880000,0x00000000e3280000)
 ParOldGen       total 45056K, used 8309K [0x00000000a0000000, 0x00000000a2c00000, 0x00000000e0000000)
  object space 45056K, 18% used [0x00000000a0000000,0x00000000a081d5c8,0x00000000a2c00000)
 Metaspace       used 27872K, capacity 28336K, committed 28672K, reserved 1073152K
  class space    used 3816K, capacity 3999K, committed 4096K, reserved 1048576K
Event: 23.448 GC heap after
Heap after GC invocations=9 (full 1):
 PSYoungGen      total 39424K, used 5202K [0x00000000e0000000, 0x00000000e3100000, 0x0000000100000000)
  eden space 30720K, 0% used [0x00000000e0000000,0x00000000e0000000,0x00000000e1e00000)
  from space 8704K, 59% used [0x00000000e2880000,0x00000000e2d94818,0x00000000e3100000)
  to   space 9728K, 0% used [0x00000000e1e00000,0x00000000e1e00000,0x00000000e2780000)
 ParOldGen       total 45056K, used 8317K [0x00000000a0000000, 0x00000000a2c00000, 0x00000000e0000000)
  object space 45056K, 18% used [0x00000000a0000000,0x00000000a081f5c8,0x00000000a2c00000)
 Metaspace       used 27872K, capacity 28336K, committed 28672K, reserved 1073152K
  class space    used 3816K, capacity 3999K, committed 4096K, reserved 1048576K
}
Event: 24.491 GC heap before
{Heap before GC invocations=10 (full 1):
 PSYoungGen      total 39424K, used 35922K [0x00000000e0000000, 0x00000000e3100000, 0x0000000100000000)
  eden space 30720K, 100% used [0x00000000e0000000,0x00000000e1e00000,0x00000000e1e00000)
  from space 8704K, 59% used [0x00000000e2880000,0x00000000e2d94818,0x00000000e3100000)
  to   space 9728K, 0% used [0x00000000e1e00000,0x00000000e1e00000,0x00000000e2780000)
 ParOldGen       total 45056K, used 8317K [0x00000000a0000000, 0x00000000a2c00000, 0x00000000e0000000)
  object space 45056K, 18% used [0x00000000a0000000,0x00000000a081f5c8,0x00000000a2c00000)
 Metaspace       used 29653K, capacity 30196K, committed 30464K, reserved 1075200K
  class space    used 4094K, capacity 4314K, committed 4352K, reserved 1048576K
Event: 24.497 GC heap after
Heap after GC invocations=10 (full 1):
 PSYoungGen      total 36352K, used 5886K [0x00000000e0000000, 0x00000000e3080000, 0x0000000100000000)
  eden space 30208K, 0% used [0x00000000e0000000,0x00000000e0000000,0x00000000e1d80000)
  from space 6144K, 95% used [0x00000000e1e00000,0x00000000e23bfaf0,0x00000000e2400000)
  to   space 9728K, 0% used [0x00000000e2700000,0x00000000e2700000,0x00000000e3080000)
 ParOldGen       total 45056K, used 8325K [0x00000000a0000000, 0x00000000a2c00000, 0x00000000e0000000)
  object space 45056K, 18% used [0x00000000a0000000,0x00000000a08215c8,0x00000000a2c00000)
 Metaspace       used 29653K, capacity 30196K, committed 30464K, reserved 1075200K
  class space    used 4094K, capacity 4314K, committed 4352K, reserved 1048576K
}
Event: 25.635 GC heap before
{Heap before GC invocations=11 (full 1):
 PSYoungGen      total 36352K, used 36094K [0x00000000e0000000, 0x00000000e3080000, 0x0000000100000000)
  eden space 30208K, 100% used [0x00000000e0000000,0x00000000e1d80000,0x00000000e1d80000)
  from space 6144K, 95% used [0x00000000e1e00000,0x00000000e23bfaf0,0x00000000e2400000)
  to   space 9728K, 0% used [0x00000000e2700000,0x00000000e2700000,0x00000000e3080000)
 ParOldGen       total 45056K, used 8325K [0x00000000a0000000, 0x00000000a2c00000, 0x00000000e0000000)
  object space 45056K, 18% used [0x00000000a0000000,0x00000000a08215c8,0x00000000a2c00000)
 Metaspace       used 31363K, capacity 31866K, committed 32000K, reserved 1077248K
  class space    used 4379K, capacity 4590K, committed 4608K, reserved 1048576K
Event: 25.644 GC heap after
Heap after GC invocations=11 (full 1):
 PSYoungGen      total 37888K, used 4897K [0x00000000e0000000, 0x00000000e2f00000, 0x0000000100000000)
  eden space 29696K, 0% used [0x00000000e0000000,0x00000000e0000000,0x00000000e1d00000)
  from space 8192K, 59% used [0x00000000e2700000,0x00000000e2bc8490,0x00000000e2f00000)
  to   space 9216K, 0% used [0x00000000e1d00000,0x00000000e1d00000,0x00000000e2600000)
 ParOldGen       total 45056K, used 11274K [0x00000000a0000000, 0x00000000a2c00000, 0x00000000e0000000)
  object space 45056K, 25% used [0x00000000a0000000,0x00000000a0b029f0,0x00000000a2c00000)
 Metaspace       used 31363K, capacity 31866K, committed 32000K, reserved 1077248K
  class space    used 4379K, capacity 4590K, committed 4608K, reserved 1048576K
}

